Removed Pin From Net: NetName=IO_L2_N Pin=U?-A4
Removed Pin From Net: NetName=IO_L4_N Pin=U?-A5
Removed Pin From Net: NetName=IO_L6N_2 Pin=U?-A6
Removed Pin From Net: NetName=IO_L7N_2 Pin=U?-A7
Removed Pin From Net: NetName=IO_L12N_2 Pin=U?-A8
Removed Pin From Net: NetName=IO_L13N_2 Pin=U?-A9
Removed Pin From Net: NetName=IO_L16N_2 Pin=U?-A10
Removed Pin From Net: NetName=IO_L18N_2 Pin=U?-A11
Removed Pin From Net: NetName=IO_L19N_2 Pin=U?-A12
Removed Pin From Net: NetName=IO_L34_N Pin=U?-A13
Removed Pin From Net: NetName=IO_L35_N Pin=U?-A14
Removed Pin From Net: NetName=3V3 Pin=U?-B3
Removed Pin From Net: NetName=IO_L2_P Pin=U?-B4
Removed Pin From Net: NetName=IO_L6P_2 Pin=U?-B6
Removed Pin From Net: NetName=3V3 Pin=U?-B7
Removed Pin From Net: NetName=IO_L12P_2 Pin=U?-B8
Removed Pin From Net: NetName=IO_L16P_2 Pin=U?-B10
Removed Pin From Net: NetName=3V3 Pin=U?-B11
Removed Pin From Net: NetName=IO_L19P_2 Pin=U?-B12
Removed Pin From Net: NetName=IO_L35_P Pin=U?-B14
Removed Pin From Net: NetName=3V3 Pin=U?-B15
Removed Pin From Net: NetName=3V3 Pin=U?-B19
Removed Pin From Net: NetName=IO_L4_P Pin=U?-C5
Removed Pin From Net: NetName=IO_L8N_2 Pin=U?-C6
Removed Pin From Net: NetName=IO_L7P_2 Pin=U?-C7
Removed Pin From Net: NetName=IO_L10N_2 Pin=U?-C8
Removed Pin From Net: NetName=IO_L13P_2 Pin=U?-C9
Removed Pin From Net: NetName=IO_L15N_2 Pin=U?-C10
Removed Pin From Net: NetName=IO_L18P_2 Pin=U?-C11
Removed Pin From Net: NetName=IO_L20N_2 Pin=U?-C12
Removed Pin From Net: NetName=IO_L34_P Pin=U?-C13
Removed Pin From Net: NetName=3V3 Pin=U?-C22
Removed Pin From Net: NetName=IO_L3_N Pin=U?-D5
Removed Pin From Net: NetName=IO_L8P_2 Pin=U?-D6
Removed Pin From Net: NetName=IO_L9N_2 Pin=U?-D7
Removed Pin From Net: NetName=IO_L10P_2 Pin=U?-D8
Removed Pin From Net: NetName=3V3 Pin=U?-D9
Removed Pin From Net: NetName=IO_L15P_2 Pin=U?-D10
Removed Pin From Net: NetName=IO_L17P_2 Pin=U?-D11
Removed Pin From Net: NetName=IO_L20P_2 Pin=U?-D12
Removed Pin From Net: NetName=3V3 Pin=U?-D17
Removed Pin From Net: NetName=IO_L3_P Pin=U?-E6
Removed Pin From Net: NetName=IO_L9P_2 Pin=U?-E8
Removed Pin From Net: NetName=IO_L11N_2 Pin=U?-E9
Removed Pin From Net: NetName=IO_L14P_2 Pin=U?-E10
Removed Pin From Net: NetName=3V3 Pin=U?-E13
Removed Pin From Net: NetName=IO_L5_N Pin=U?-F7
Removed Pin From Net: NetName=IO_L11P_2 Pin=U?-F9
Removed Pin From Net: NetName=IO_L14N_2 Pin=U?-F10
Removed Pin From Net: NetName=IO_L17N_2 Pin=U?-F11
Removed Pin From Net: NetName=IO_L5_P Pin=U?-G8
Removed Pin From Net: NetName=3V3 Pin=U?-G10
Removed Pin From Net: NetName=3V3 Pin=U?-G18
Removed Pin From Net: NetName=3V3 Pin=U?-H14
Removed Member From Class: ClassName=APP_1_FPGA_m Member=U?
Change Component Designator: OldDesignator=C? NewDesignator=C66
Add Component: Footprint Not Found ADST-MA1-8_L
Added Pin To Net: NetName=IO_L2_N Pin=U8-A4
Added Pin To Net: NetName=IO_L4_N Pin=U8-A5
Added Pin To Net: NetName=IO_L6N_2 Pin=U8-A6
Added Pin To Net: NetName=IO_L7N_2 Pin=U8-A7
Added Pin To Net: NetName=IO_L12N_2 Pin=U8-A8
Added Pin To Net: NetName=IO_L13N_2 Pin=U8-A9
Added Pin To Net: NetName=IO_L16N_2 Pin=U8-A10
Added Pin To Net: NetName=IO_L18N_2 Pin=U8-A11
Added Pin To Net: NetName=IO_L19N_2 Pin=U8-A12
Added Pin To Net: NetName=IO_L34_N Pin=U8-A13
Added Pin To Net: NetName=IO_L35_N Pin=U8-A14
Added Pin To Net: NetName=3V3 Pin=U8-B3
Added Pin To Net: NetName=IO_L2_P Pin=U8-B4
Added Pin To Net: NetName=IO_L6P_2 Pin=U8-B6
Added Pin To Net: NetName=3V3 Pin=U8-B7
Added Pin To Net: NetName=IO_L12P_2 Pin=U8-B8
Added Pin To Net: NetName=IO_L16P_2 Pin=U8-B10
Added Pin To Net: NetName=3V3 Pin=U8-B11
Added Pin To Net: NetName=IO_L19P_2 Pin=U8-B12
Added Pin To Net: NetName=IO_L35_P Pin=U8-B14
Added Pin To Net: NetName=3V3 Pin=U8-B15
Added Pin To Net: NetName=3V3 Pin=U8-B19
Added Pin To Net: NetName=IO_L4_P Pin=U8-C5
Added Pin To Net: NetName=IO_L8N_2 Pin=U8-C6
Added Pin To Net: NetName=IO_L7P_2 Pin=U8-C7
Added Pin To Net: NetName=IO_L10N_2 Pin=U8-C8
Added Pin To Net: NetName=IO_L13P_2 Pin=U8-C9
Added Pin To Net: NetName=IO_L15N_2 Pin=U8-C10
Added Pin To Net: NetName=IO_L18P_2 Pin=U8-C11
Added Pin To Net: NetName=IO_L20N_2 Pin=U8-C12
Added Pin To Net: NetName=IO_L34_P Pin=U8-C13
Added Pin To Net: NetName=3V3 Pin=U8-C22
Added Pin To Net: NetName=IO_L3_N Pin=U8-D5
Added Pin To Net: NetName=IO_L8P_2 Pin=U8-D6
Added Pin To Net: NetName=IO_L9N_2 Pin=U8-D7
Added Pin To Net: NetName=IO_L10P_2 Pin=U8-D8
Added Pin To Net: NetName=3V3 Pin=U8-D9
Added Pin To Net: NetName=IO_L15P_2 Pin=U8-D10
Added Pin To Net: NetName=IO_L17P_2 Pin=U8-D11
Added Pin To Net: NetName=IO_L20P_2 Pin=U8-D12
Added Pin To Net: NetName=3V3 Pin=U8-D17
Added Pin To Net: NetName=IO_L3_P Pin=U8-E6
Added Pin To Net: NetName=IO_L9P_2 Pin=U8-E8
Added Pin To Net: NetName=IO_L11N_2 Pin=U8-E9
Added Pin To Net: NetName=IO_L14P_2 Pin=U8-E10
Added Pin To Net: NetName=3V3 Pin=U8-E13
Added Pin To Net: NetName=IO_L5_N Pin=U8-F7
Added Pin To Net: NetName=IO_L11P_2 Pin=U8-F9
Added Pin To Net: NetName=IO_L14N_2 Pin=U8-F10
Added Pin To Net: NetName=IO_L17N_2 Pin=U8-F11
Added Pin To Net: NetName=IO_L5_P Pin=U8-G8
Added Pin To Net: NetName=3V3 Pin=U8-G10
Added Pin To Net: NetName=3V3 Pin=U8-G18
Added Pin To Net: NetName=3V3 Pin=U8-H14
Add Pin To Net: Unknown Pin: Pin U12-1
Add Pin To Net: Unknown Pin: Pin U12-2
Add Pin To Net: Unknown Pin: Pin U12-3
Add Pin To Net: Unknown Pin: Pin U12-4
Add Pin To Net: Unknown Pin: Pin U12-5
Add Pin To Net: Unknown Pin: Pin U12-6
Add Pin To Net: Unknown Pin: Pin U12-7
Add Pin To Net: Unknown Pin: Pin U12-8
Add Differential Pair: Number of nets in differential pair NetD8_3 is 1 instead of 2
Add Differential Pair: Number of nets in differential pair NetD8_5 is 1 instead of 2
Add Differential Pair: Number of nets in differential pair RX_M is 1 instead of 2
Add Differential Pair: Number of nets in differential pair RX is 1 instead of 2
Add Differential Pair: Number of nets in differential pair TX_M is 1 instead of 2
Add Differential Pair: Number of nets in differential pair TX is 1 instead of 2
Add Differential Pair: Number of nets in differential pair USB_DD_M is 1 instead of 2
Add Differential Pair: Number of nets in differential pair USB_DD is 1 instead of 2
Add Class Member: Failed to add class member : Component U12 AT25DF321A-MH-T
