Replace Part C? CAP - 0603 in C:\Users\Mathuot\OneDrive - USherbrooke\PMC\Github\APP1_S7\APP_1_huom2704\APP_1_DDR3_m.SchDoc with CAP - 0603 from S7CAS_LIB2023.IntLib
Replace Part C? CAP - 0603 in C:\Users\Mathuot\OneDrive - USherbrooke\PMC\Github\APP1_S7\APP_1_huom2704\APP_1_DDR3_m.SchDoc with CAP - 0603 from S7CAS_LIB2023.IntLib
Replace Part C? CAP - 0603 in C:\Users\Mathuot\OneDrive - USherbrooke\PMC\Github\APP1_S7\APP_1_huom2704\APP_1_DDR3_m.SchDoc with CAP - 0603 from S7CAS_LIB2023.IntLib
Replace Part C? CAP - 0603 in C:\Users\Mathuot\OneDrive - USherbrooke\PMC\Github\APP1_S7\APP_1_huom2704\APP_1_DDR3_m.SchDoc with CAP - 0603 from S7CAS_LIB2023.IntLib
Replace Part C? CAP - 0603 in C:\Users\Mathuot\OneDrive - USherbrooke\PMC\Github\APP1_S7\APP_1_huom2704\APP_1_DDR3_m.SchDoc with CAP - 0603 from S7CAS_LIB2023.IntLib
Replace Part C? CAP - 0603 in C:\Users\Mathuot\OneDrive - USherbrooke\PMC\Github\APP1_S7\APP_1_huom2704\APP_1_DDR3_m.SchDoc with CAP - 0603 from S7CAS_LIB2023.IntLib
Replace Part C? CAP - 0603 in C:\Users\Mathuot\OneDrive - USherbrooke\PMC\Github\APP1_S7\APP_1_huom2704\APP_1_DDR3_m.SchDoc with CAP - 0603 from S7CAS_LIB2023.IntLib
Replace Part C? CAP - 0603 in C:\Users\Mathuot\OneDrive - USherbrooke\PMC\Github\APP1_S7\APP_1_huom2704\APP_1_DDR3_m.SchDoc with CAP - 0603 from S7CAS_LIB2023.IntLib
Replace Part C? CAP - 0603 in C:\Users\Mathuot\OneDrive - USherbrooke\PMC\Github\APP1_S7\APP_1_huom2704\APP_1_DDR3_m.SchDoc with CAP - 0603 from S7CAS_LIB2023.IntLib
Replace Part C? CAP - 0603 in C:\Users\Mathuot\OneDrive - USherbrooke\PMC\Github\APP1_S7\APP_1_huom2704\APP_1_DDR3_m.SchDoc with CAP - 0603 from S7CAS_LIB2023.IntLib
Replace Part R? RES - 0603 in C:\Users\Mathuot\OneDrive - USherbrooke\PMC\Github\APP1_S7\APP_1_huom2704\APP_1_DDR3_m.SchDoc with RES - 0603 from S7CAS_LIB2023.IntLib
Replace Part R? RES - 0603 in C:\Users\Mathuot\OneDrive - USherbrooke\PMC\Github\APP1_S7\APP_1_huom2704\APP_1_DDR3_m.SchDoc with RES - 0603 from S7CAS_LIB2023.IntLib
Replace Part R? RES - 0603 in C:\Users\Mathuot\OneDrive - USherbrooke\PMC\Github\APP1_S7\APP_1_huom2704\APP_1_DDR3_m.SchDoc with RES - 0603 from S7CAS_LIB2023.IntLib
Replace Part R? Resistor in C:\Users\Mathuot\OneDrive - USherbrooke\PMC\Github\APP1_S7\APP_1_huom2704\APP_1_DDR3_m.SchDoc with Resistor from Simulation Generic Components.IntLib
Replace Part R? Resistor in C:\Users\Mathuot\OneDrive - USherbrooke\PMC\Github\APP1_S7\APP_1_huom2704\APP_1_DDR3_m.SchDoc with Resistor from Simulation Generic Components.IntLib
Replace Part R? Resistor in C:\Users\Mathuot\OneDrive - USherbrooke\PMC\Github\APP1_S7\APP_1_huom2704\APP_1_DDR3_m.SchDoc with Resistor from Simulation Generic Components.IntLib
Replace Part R? Resistor in C:\Users\Mathuot\OneDrive - USherbrooke\PMC\Github\APP1_S7\APP_1_huom2704\APP_1_DDR3_m.SchDoc with Resistor from Simulation Generic Components.IntLib
Replace Part R? Resistor in C:\Users\Mathuot\OneDrive - USherbrooke\PMC\Github\APP1_S7\APP_1_huom2704\APP_1_DDR3_m.SchDoc with Resistor from Simulation Generic Components.IntLib
Replace Part R? Resistor in C:\Users\Mathuot\OneDrive - USherbrooke\PMC\Github\APP1_S7\APP_1_huom2704\APP_1_DDR3_m.SchDoc with Resistor from Simulation Generic Components.IntLib
Replace Part R? Resistor in C:\Users\Mathuot\OneDrive - USherbrooke\PMC\Github\APP1_S7\APP_1_huom2704\APP_1_DDR3_m.SchDoc with Resistor from Simulation Generic Components.IntLib
Replace Part R? Resistor in C:\Users\Mathuot\OneDrive - USherbrooke\PMC\Github\APP1_S7\APP_1_huom2704\APP_1_DDR3_m.SchDoc with Resistor from Simulation Generic Components.IntLib
Replace Part R? Resistor in C:\Users\Mathuot\OneDrive - USherbrooke\PMC\Github\APP1_S7\APP_1_huom2704\APP_1_DDR3_m.SchDoc with Resistor from Simulation Generic Components.IntLib
Replace Part R? Resistor in C:\Users\Mathuot\OneDrive - USherbrooke\PMC\Github\APP1_S7\APP_1_huom2704\APP_1_DDR3_m.SchDoc with Resistor from Simulation Generic Components.IntLib
Replace Part R? Resistor in C:\Users\Mathuot\OneDrive - USherbrooke\PMC\Github\APP1_S7\APP_1_huom2704\APP_1_DDR3_m.SchDoc with Resistor from Simulation Generic Components.IntLib
Replace Part R? Resistor in C:\Users\Mathuot\OneDrive - USherbrooke\PMC\Github\APP1_S7\APP_1_huom2704\APP_1_DDR3_m.SchDoc with Resistor from Simulation Generic Components.IntLib
Replace Part R? Resistor in C:\Users\Mathuot\OneDrive - USherbrooke\PMC\Github\APP1_S7\APP_1_huom2704\APP_1_DDR3_m.SchDoc with Resistor from Simulation Generic Components.IntLib
Replace Part R? Resistor in C:\Users\Mathuot\OneDrive - USherbrooke\PMC\Github\APP1_S7\APP_1_huom2704\APP_1_DDR3_m.SchDoc with Resistor from Simulation Generic Components.IntLib
Replace Part R? Resistor in C:\Users\Mathuot\OneDrive - USherbrooke\PMC\Github\APP1_S7\APP_1_huom2704\APP_1_DDR3_m.SchDoc with Resistor from Simulation Generic Components.IntLib
Replace Part R? Resistor in C:\Users\Mathuot\OneDrive - USherbrooke\PMC\Github\APP1_S7\APP_1_huom2704\APP_1_DDR3_m.SchDoc with Resistor from Simulation Generic Components.IntLib
Replace Part R? Resistor in C:\Users\Mathuot\OneDrive - USherbrooke\PMC\Github\APP1_S7\APP_1_huom2704\APP_1_DDR3_m.SchDoc with Resistor from Simulation Generic Components.IntLib
Replace Part R? Resistor in C:\Users\Mathuot\OneDrive - USherbrooke\PMC\Github\APP1_S7\APP_1_huom2704\APP_1_DDR3_m.SchDoc with Resistor from Simulation Generic Components.IntLib
Replace Part R? Resistor in C:\Users\Mathuot\OneDrive - USherbrooke\PMC\Github\APP1_S7\APP_1_huom2704\APP_1_DDR3_m.SchDoc with Resistor from Simulation Generic Components.IntLib
Replace Part R? Resistor in C:\Users\Mathuot\OneDrive - USherbrooke\PMC\Github\APP1_S7\APP_1_huom2704\APP_1_DDR3_m.SchDoc with Resistor from Simulation Generic Components.IntLib
Replace Part R? Resistor in C:\Users\Mathuot\OneDrive - USherbrooke\PMC\Github\APP1_S7\APP_1_huom2704\APP_1_DDR3_m.SchDoc with Resistor from Simulation Generic Components.IntLib
Replace Part R? Resistor in C:\Users\Mathuot\OneDrive - USherbrooke\PMC\Github\APP1_S7\APP_1_huom2704\APP_1_DDR3_m.SchDoc with Resistor from Simulation Generic Components.IntLib
Replace Part R? Resistor in C:\Users\Mathuot\OneDrive - USherbrooke\PMC\Github\APP1_S7\APP_1_huom2704\APP_1_DDR3_m.SchDoc with Resistor from Simulation Generic Components.IntLib
Replace Part U? REG_PMIC_TPS51200DRCT in C:\Users\Mathuot\OneDrive - USherbrooke\PMC\Github\APP1_S7\APP_1_huom2704\APP_1_DDR3_m.SchDoc with REG_PMIC_TPS51200DRCT from S7CAS_LIB2023.IntLib
Replace Part U? MEM_DDR3_MT41J128M16JT-125:K TR in C:\Users\Mathuot\OneDrive - USherbrooke\PMC\Github\APP1_S7\APP_1_huom2704\APP_1_DDR3_m.SchDoc with MEM_DDR3_MT41J128M16JT-125:K TR from S7CAS_LIB2023.IntLib
