Replace Part C? CAP - 0603 in C:\Users\Mathuot\OneDrive - USherbrooke\PMC\Github\APP1_S7\APP_1_huom2704\APP_1_DAC_m.SchDoc with CAP - 0603 from S7CAS_LIB2023.IntLib
Replace Part C? CAP - 0603 in C:\Users\Mathuot\OneDrive - USherbrooke\PMC\Github\APP1_S7\APP_1_huom2704\APP_1_DAC_m.SchDoc with CAP - 0603 from S7CAS_LIB2023.IntLib
Replace Part L? FER - 0603 in C:\Users\Mathuot\OneDrive - USherbrooke\PMC\Github\APP1_S7\APP_1_huom2704\APP_1_DAC_m.SchDoc with FER - 0603 from S7CAS_LIB2023.IntLib
Replace Part L? FER - 0603 in C:\Users\Mathuot\OneDrive - USherbrooke\PMC\Github\APP1_S7\APP_1_huom2704\APP_1_DAC_m.SchDoc with FER - 0603 from S7CAS_LIB2023.IntLib
Replace Part L? FER - 0603 in C:\Users\Mathuot\OneDrive - USherbrooke\PMC\Github\APP1_S7\APP_1_huom2704\APP_1_DAC_m.SchDoc with FER - 0603 from S7CAS_LIB2023.IntLib
Replace Part L? FER - 0603 in C:\Users\Mathuot\OneDrive - USherbrooke\PMC\Github\APP1_S7\APP_1_huom2704\APP_1_DAC_m.SchDoc with FER - 0603 from S7CAS_LIB2023.IntLib
Replace Part R? RES - 0603 in C:\Users\Mathuot\OneDrive - USherbrooke\PMC\Github\APP1_S7\APP_1_huom2704\APP_1_DAC_m.SchDoc with RES - 0603 from S7CAS_LIB2023.IntLib
Replace Part R? RES - 0603 in C:\Users\Mathuot\OneDrive - USherbrooke\PMC\Github\APP1_S7\APP_1_huom2704\APP_1_DAC_m.SchDoc with RES - 0603 from S7CAS_LIB2023.IntLib
Replace Part R? RES - 0603 in C:\Users\Mathuot\OneDrive - USherbrooke\PMC\Github\APP1_S7\APP_1_huom2704\APP_1_DAC_m.SchDoc with RES - 0603 from S7CAS_LIB2023.IntLib
Replace Part R? RES - 0603 in C:\Users\Mathuot\OneDrive - USherbrooke\PMC\Github\APP1_S7\APP_1_huom2704\APP_1_DAC_m.SchDoc with RES - 0603 from S7CAS_LIB2023.IntLib
Replace Part R? RES - 0603 in C:\Users\Mathuot\OneDrive - USherbrooke\PMC\Github\APP1_S7\APP_1_huom2704\APP_1_DAC_m.SchDoc with RES - 0603 from S7CAS_LIB2023.IntLib
Replace Part R? RES - 0603 in C:\Users\Mathuot\OneDrive - USherbrooke\PMC\Github\APP1_S7\APP_1_huom2704\APP_1_DAC_m.SchDoc with RES - 0603 from S7CAS_LIB2023.IntLib
Replace Part R? RES - 0603 in C:\Users\Mathuot\OneDrive - USherbrooke\PMC\Github\APP1_S7\APP_1_huom2704\APP_1_DAC_m.SchDoc with RES - 0603 from S7CAS_LIB2023.IntLib
Replace Part R? RES - 0603 in C:\Users\Mathuot\OneDrive - USherbrooke\PMC\Github\APP1_S7\APP_1_huom2704\APP_1_DAC_m.SchDoc with RES - 0603 from S7CAS_LIB2023.IntLib
Replace Part R? RES - 0603 in C:\Users\Mathuot\OneDrive - USherbrooke\PMC\Github\APP1_S7\APP_1_huom2704\APP_1_DAC_m.SchDoc with RES - 0603 from S7CAS_LIB2023.IntLib
Replace Part R? RES - 0603 in C:\Users\Mathuot\OneDrive - USherbrooke\PMC\Github\APP1_S7\APP_1_huom2704\APP_1_DAC_m.SchDoc with RES - 0603 from S7CAS_LIB2023.IntLib
Replace Part R? RES - 0603 in C:\Users\Mathuot\OneDrive - USherbrooke\PMC\Github\APP1_S7\APP_1_huom2704\APP_1_DAC_m.SchDoc with RES - 0603 from S7CAS_LIB2023.IntLib
Replace Part R? RES - 0603 in C:\Users\Mathuot\OneDrive - USherbrooke\PMC\Github\APP1_S7\APP_1_huom2704\APP_1_DAC_m.SchDoc with RES - 0603 from S7CAS_LIB2023.IntLib
Replace Part R? RES - 0603 in C:\Users\Mathuot\OneDrive - USherbrooke\PMC\Github\APP1_S7\APP_1_huom2704\APP_1_DAC_m.SchDoc with RES - 0603 from S7CAS_LIB2023.IntLib
Replace Part R? RES - 0603 in C:\Users\Mathuot\OneDrive - USherbrooke\PMC\Github\APP1_S7\APP_1_huom2704\APP_1_DAC_m.SchDoc with RES - 0603 from S7CAS_LIB2023.IntLib
Replace Part R? RES - 0603 in C:\Users\Mathuot\OneDrive - USherbrooke\PMC\Github\APP1_S7\APP_1_huom2704\APP_1_DAC_m.SchDoc with RES - 0603 from S7CAS_LIB2023.IntLib
Replace Part U? OPAMP_AD8056ARMZ in C:\Users\Mathuot\OneDrive - USherbrooke\PMC\Github\APP1_S7\APP_1_huom2704\APP_1_DAC_m.SchDoc with OPAMP_AD8056ARMZ from S7CAS_LIB2023.IntLib
Replace Part U? DAC_AD9146BCPZ in C:\Users\Mathuot\OneDrive - USherbrooke\PMC\Github\APP1_S7\APP_1_huom2704\APP_1_DAC_m.SchDoc with DAC_AD9146BCPZ from S7CAS_LIB2023.IntLib
Replace Part U? DAC_AD9146BCPZ in C:\Users\Mathuot\OneDrive - USherbrooke\PMC\Github\APP1_S7\APP_1_huom2704\APP_1_DAC_m.SchDoc with DAC_AD9146BCPZ from S7CAS_LIB2023.IntLib
Replace Part U? OPAMP_AD8056ARMZ in C:\Users\Mathuot\OneDrive - USherbrooke\PMC\Github\APP1_S7\APP_1_huom2704\APP_1_DAC_m.SchDoc with OPAMP_AD8056ARMZ from S7CAS_LIB2023.IntLib
Replace Part U? DAC_AD9146BCPZ in C:\Users\Mathuot\OneDrive - USherbrooke\PMC\Github\APP1_S7\APP_1_huom2704\APP_1_DAC_m.SchDoc with DAC_AD9146BCPZ from S7CAS_LIB2023.IntLib
